{"message":"unresolved import `anyhow`","code":{"code":"E0432","explanation":"An import was unresolved.\n\nErroneous code example:\n\n```compile_fail,E0432\nuse something::Foo; // error: unresolved import `something::Foo`.\n```\n\nIn Rust 2015, paths in `use` statements are relative to the crate root. To\nimport items relative to the current and parent modules, use the `self::` and\n`super::` prefixes, respectively.\n\nIn Rust 2018 or later, paths in `use` statements are relative to the current\nmodule unless they begin with the name of a crate or a literal `crate::`, in\nwhich case they start from the crate root. As in Rust 2015 code, the `self::`\nand `super::` prefixes refer to the current and parent modules respectively.\n\nAlso verify that you didn't misspell the import name and that the import exists\nin the module from where you tried to import it. Example:\n\n```\nuse self::something::Foo; // Ok.\n\nmod something {\n    pub struct Foo;\n}\n# fn main() {}\n```\n\nIf you tried to use a module from an external crate and are using Rust 2015,\nyou may have missed the `extern crate` declaration (which is usually placed in\nthe crate root):\n\n```edition2015\nextern crate core; // Required to use the `core` crate in Rust 2015.\n\nuse core::any;\n# fn main() {}\n```\n\nSince Rust 2018 the `extern crate` declaration is not required and\nyou can instead just `use` it:\n\n```edition2018\nuse core::any; // No extern crate required in Rust 2018.\n# fn main() {}\n```\n"},"level":"error","spans":[{"file_name":"src/main.rs","byte_start":80,"byte_end":86,"line_start":7,"line_end":7,"column_start":5,"column_end":11,"is_primary":true,"text":[{"text":"use anyhow::{ Context, Result, anyhow };","highlight_start":5,"highlight_end":11}],"label":"use of undeclared crate or module `anyhow`","suggested_replacement":null,"suggestion_applicability":null,"expansion":null}],"children":[],"rendered":"\u001b[0m\u001b[1m\u001b[38;5;9merror[E0432]\u001b[0m\u001b[0m\u001b[1m: unresolved import `anyhow`\u001b[0m\n\u001b[0m \u001b[0m\u001b[0m\u001b[1m\u001b[38;5;12m--> \u001b[0m\u001b[0msrc/main.rs:7:5\u001b[0m\n\u001b[0m  \u001b[0m\u001b[0m\u001b[1m\u001b[38;5;12m|\u001b[0m\n\u001b[0m\u001b[1m\u001b[38;5;12m7\u001b[0m\u001b[0m \u001b[0m\u001b[0m\u001b[1m\u001b[38;5;12m|\u001b[0m\u001b[0m \u001b[0m\u001b[0muse anyhow::{ Context, Result, anyhow };\u001b[0m\n\u001b[0m  \u001b[0m\u001b[0m\u001b[1m\u001b[38;5;12m| \u001b[0m\u001b[0m    \u001b[0m\u001b[0m\u001b[1m\u001b[38;5;9m^^^^^^\u001b[0m\u001b[0m \u001b[0m\u001b[0m\u001b[1m\u001b[38;5;9muse of undeclared crate or module `anyhow`\u001b[0m\n\n"}
{"message":"failed to resolve: use of undeclared crate or module `tokio`","code":{"code":"E0433","explanation":"An undeclared crate, module, or type was used.\n\nErroneous code example:\n\n```compile_fail,E0433\nlet map = HashMap::new();\n// error: failed to resolve: use of undeclared type `HashMap`\n```\n\nPlease verify you didn't misspell the type/module's name or that you didn't\nforget to import it:\n\n```\nuse std::collections::HashMap; // HashMap has been imported.\nlet map: HashMap<u32, u32> = HashMap::new(); // So it can be used!\n```\n\nIf you've expected to use a crate name:\n\n```compile_fail\nuse ferris_wheel::BigO;\n// error: failed to resolve: use of undeclared crate or module `ferris_wheel`\n```\n\nMake sure the crate has been added as a dependency in `Cargo.toml`.\n\nTo use a module from your current crate, add the `crate::` prefix to the path.\n"},"level":"error","spans":[{"file_name":"src/main.rs","byte_start":139,"byte_end":144,"line_start":10,"line_end":10,"column_start":5,"column_end":10,"is_primary":true,"text":[{"text":"use tokio::task::JoinSet;","highlight_start":5,"highlight_end":10}],"label":"use of undeclared crate or module `tokio`","suggested_replacement":null,"suggestion_applicability":null,"expansion":null}],"children":[],"rendered":"\u001b[0m\u001b[1m\u001b[38;5;9merror[E0433]\u001b[0m\u001b[0m\u001b[1m: failed to resolve: use of undeclared crate or module `tokio`\u001b[0m\n\u001b[0m  \u001b[0m\u001b[0m\u001b[1m\u001b[38;5;12m--> \u001b[0m\u001b[0msrc/main.rs:10:5\u001b[0m\n\u001b[0m   \u001b[0m\u001b[0m\u001b[1m\u001b[38;5;12m|\u001b[0m\n\u001b[0m\u001b[1m\u001b[38;5;12m10\u001b[0m\u001b[0m \u001b[0m\u001b[0m\u001b[1m\u001b[38;5;12m|\u001b[0m\u001b[0m \u001b[0m\u001b[0muse tokio::task::JoinSet;\u001b[0m\n\u001b[0m   \u001b[0m\u001b[0m\u001b[1m\u001b[38;5;12m| \u001b[0m\u001b[0m    \u001b[0m\u001b[0m\u001b[1m\u001b[38;5;9m^^^^^\u001b[0m\u001b[0m \u001b[0m\u001b[0m\u001b[1m\u001b[38;5;9muse of undeclared crate or module `tokio`\u001b[0m\n\n"}
{"message":"unresolved import `tokio`","code":{"code":"E0432","explanation":"An import was unresolved.\n\nErroneous code example:\n\n```compile_fail,E0432\nuse something::Foo; // error: unresolved import `something::Foo`.\n```\n\nIn Rust 2015, paths in `use` statements are relative to the crate root. To\nimport items relative to the current and parent modules, use the `self::` and\n`super::` prefixes, respectively.\n\nIn Rust 2018 or later, paths in `use` statements are relative to the current\nmodule unless they begin with the name of a crate or a literal `crate::`, in\nwhich case they start from the crate root. As in Rust 2015 code, the `self::`\nand `super::` prefixes refer to the current and parent modules respectively.\n\nAlso verify that you didn't misspell the import name and that the import exists\nin the module from where you tried to import it. Example:\n\n```\nuse self::something::Foo; // Ok.\n\nmod something {\n    pub struct Foo;\n}\n# fn main() {}\n```\n\nIf you tried to use a module from an external crate and are using Rust 2015,\nyou may have missed the `extern crate` declaration (which is usually placed in\nthe crate root):\n\n```edition2015\nextern crate core; // Required to use the `core` crate in Rust 2015.\n\nuse core::any;\n# fn main() {}\n```\n\nSince Rust 2018 the `extern crate` declaration is not required and\nyou can instead just `use` it:\n\n```edition2018\nuse core::any; // No extern crate required in Rust 2018.\n# fn main() {}\n```\n"},"level":"error","spans":[{"file_name":"src/main.rs","byte_start":122,"byte_end":127,"line_start":9,"line_end":9,"column_start":5,"column_end":10,"is_primary":true,"text":[{"text":"use tokio::join;","highlight_start":5,"highlight_end":10}],"label":"use of undeclared crate or module `tokio`","suggested_replacement":null,"suggestion_applicability":null,"expansion":null}],"children":[],"rendered":"\u001b[0m\u001b[1m\u001b[38;5;9merror[E0432]\u001b[0m\u001b[0m\u001b[1m: unresolved import `tokio`\u001b[0m\n\u001b[0m \u001b[0m\u001b[0m\u001b[1m\u001b[38;5;12m--> \u001b[0m\u001b[0msrc/main.rs:9:5\u001b[0m\n\u001b[0m  \u001b[0m\u001b[0m\u001b[1m\u001b[38;5;12m|\u001b[0m\n\u001b[0m\u001b[1m\u001b[38;5;12m9\u001b[0m\u001b[0m \u001b[0m\u001b[0m\u001b[1m\u001b[38;5;12m|\u001b[0m\u001b[0m \u001b[0m\u001b[0muse tokio::join;\u001b[0m\n\u001b[0m  \u001b[0m\u001b[0m\u001b[1m\u001b[38;5;12m| \u001b[0m\u001b[0m    \u001b[0m\u001b[0m\u001b[1m\u001b[38;5;9m^^^^^\u001b[0m\u001b[0m \u001b[0m\u001b[0m\u001b[1m\u001b[38;5;9muse of undeclared crate or module `tokio`\u001b[0m\n\n"}
{"message":"failed to resolve: use of undeclared crate or module `tokio`","code":{"code":"E0433","explanation":"An undeclared crate, module, or type was used.\n\nErroneous code example:\n\n```compile_fail,E0433\nlet map = HashMap::new();\n// error: failed to resolve: use of undeclared type `HashMap`\n```\n\nPlease verify you didn't misspell the type/module's name or that you didn't\nforget to import it:\n\n```\nuse std::collections::HashMap; // HashMap has been imported.\nlet map: HashMap<u32, u32> = HashMap::new(); // So it can be used!\n```\n\nIf you've expected to use a crate name:\n\n```compile_fail\nuse ferris_wheel::BigO;\n// error: failed to resolve: use of undeclared crate or module `ferris_wheel`\n```\n\nMake sure the crate has been added as a dependency in `Cargo.toml`.\n\nTo use a module from your current crate, add the `crate::` prefix to the path.\n"},"level":"error","spans":[{"file_name":"src/main.rs","byte_start":6242,"byte_end":6247,"line_start":245,"line_end":245,"column_start":3,"column_end":8,"is_primary":true,"text":[{"text":"#[tokio::main]","highlight_start":3,"highlight_end":8}],"label":"use of undeclared crate or module `tokio`","suggested_replacement":null,"suggestion_applicability":null,"expansion":null}],"children":[],"rendered":"\u001b[0m\u001b[1m\u001b[38;5;9merror[E0433]\u001b[0m\u001b[0m\u001b[1m: failed to resolve: use of undeclared crate or module `tokio`\u001b[0m\n\u001b[0m   \u001b[0m\u001b[0m\u001b[1m\u001b[38;5;12m--> \u001b[0m\u001b[0msrc/main.rs:245:3\u001b[0m\n\u001b[0m    \u001b[0m\u001b[0m\u001b[1m\u001b[38;5;12m|\u001b[0m\n\u001b[0m\u001b[1m\u001b[38;5;12m245\u001b[0m\u001b[0m \u001b[0m\u001b[0m\u001b[1m\u001b[38;5;12m|\u001b[0m\u001b[0m \u001b[0m\u001b[0m#[tokio::main]\u001b[0m\n\u001b[0m    \u001b[0m\u001b[0m\u001b[1m\u001b[38;5;12m| \u001b[0m\u001b[0m  \u001b[0m\u001b[0m\u001b[1m\u001b[38;5;9m^^^^^\u001b[0m\u001b[0m \u001b[0m\u001b[0m\u001b[1m\u001b[38;5;9muse of undeclared crate or module `tokio`\u001b[0m\n\n"}
{"message":"cannot determine resolution for the macro `anyhow`","code":null,"level":"error","spans":[{"file_name":"src/main.rs","byte_start":1119,"byte_end":1125,"line_start":54,"line_end":54,"column_start":27,"column_end":33,"is_primary":true,"text":[{"text":"            error => Err( anyhow!( \"Undefined color {}\", error ) )","highlight_start":27,"highlight_end":33}],"label":null,"suggested_replacement":null,"suggestion_applicability":null,"expansion":null}],"children":[{"message":"import resolution is stuck, try simplifying macro imports","code":null,"level":"note","spans":[],"children":[],"rendered":null}],"rendered":"\u001b[0m\u001b[1m\u001b[38;5;9merror\u001b[0m\u001b[0m\u001b[1m: cannot determine resolution for the macro `anyhow`\u001b[0m\n\u001b[0m  \u001b[0m\u001b[0m\u001b[1m\u001b[38;5;12m--> \u001b[0m\u001b[0msrc/main.rs:54:27\u001b[0m\n\u001b[0m   \u001b[0m\u001b[0m\u001b[1m\u001b[38;5;12m|\u001b[0m\n\u001b[0m\u001b[1m\u001b[38;5;12m54\u001b[0m\u001b[0m \u001b[0m\u001b[0m\u001b[1m\u001b[38;5;12m|\u001b[0m\u001b[0m \u001b[0m\u001b[0m            error => Err( anyhow!( \"Undefined color {}\", error ) )\u001b[0m\n\u001b[0m   \u001b[0m\u001b[0m\u001b[1m\u001b[38;5;12m| \u001b[0m\u001b[0m                          \u001b[0m\u001b[0m\u001b[1m\u001b[38;5;9m^^^^^^\u001b[0m\n\u001b[0m   \u001b[0m\u001b[0m\u001b[1m\u001b[38;5;12m|\u001b[0m\n\u001b[0m   \u001b[0m\u001b[0m\u001b[1m\u001b[38;5;12m= \u001b[0m\u001b[0m\u001b[1mnote\u001b[0m\u001b[0m: import resolution is stuck, try simplifying macro imports\u001b[0m\n\n"}
{"message":"cannot determine resolution for the macro `join`","code":null,"level":"error","spans":[{"file_name":"src/main.rs","byte_start":6675,"byte_end":6679,"line_start":260,"line_end":260,"column_start":5,"column_end":9,"is_primary":true,"text":[{"text":"    join!( input_future, distribute_work_future ).0?;","highlight_start":5,"highlight_end":9}],"label":null,"suggested_replacement":null,"suggestion_applicability":null,"expansion":null}],"children":[{"message":"import resolution is stuck, try simplifying macro imports","code":null,"level":"note","spans":[],"children":[],"rendered":null}],"rendered":"\u001b[0m\u001b[1m\u001b[38;5;9merror\u001b[0m\u001b[0m\u001b[1m: cannot determine resolution for the macro `join`\u001b[0m\n\u001b[0m   \u001b[0m\u001b[0m\u001b[1m\u001b[38;5;12m--> \u001b[0m\u001b[0msrc/main.rs:260:5\u001b[0m\n\u001b[0m    \u001b[0m\u001b[0m\u001b[1m\u001b[38;5;12m|\u001b[0m\n\u001b[0m\u001b[1m\u001b[38;5;12m260\u001b[0m\u001b[0m \u001b[0m\u001b[0m\u001b[1m\u001b[38;5;12m|\u001b[0m\u001b[0m \u001b[0m\u001b[0m    join!( input_future, distribute_work_future ).0?;\u001b[0m\n\u001b[0m    \u001b[0m\u001b[0m\u001b[1m\u001b[38;5;12m| \u001b[0m\u001b[0m    \u001b[0m\u001b[0m\u001b[1m\u001b[38;5;9m^^^^\u001b[0m\n\u001b[0m    \u001b[0m\u001b[0m\u001b[1m\u001b[38;5;12m|\u001b[0m\n\u001b[0m    \u001b[0m\u001b[0m\u001b[1m\u001b[38;5;12m= \u001b[0m\u001b[0m\u001b[1mnote\u001b[0m\u001b[0m: import resolution is stuck, try simplifying macro imports\u001b[0m\n\n"}
{"message":"no method named `context` found for enum `Option` in the current scope","code":{"code":"E0599","explanation":"This error occurs when a method is used on a type which doesn't implement it:\n\nErroneous code example:\n\n```compile_fail,E0599\nstruct Mouth;\n\nlet x = Mouth;\nx.chocolate(); // error: no method named `chocolate` found for type `Mouth`\n               //        in the current scope\n```\n\nIn this case, you need to implement the `chocolate` method to fix the error:\n\n```\nstruct Mouth;\n\nimpl Mouth {\n    fn chocolate(&self) { // We implement the `chocolate` method here.\n        println!(\"Hmmm! I love chocolate!\");\n    }\n}\n\nlet x = Mouth;\nx.chocolate(); // ok!\n```\n"},"level":"error","spans":[{"file_name":"src/main.rs","byte_start":3388,"byte_end":3420,"line_start":153,"line_end":154,"column_start":29,"column_end":21,"is_primary":false,"text":[{"text":"        let game_id:usize = colon_split","highlight_start":29,"highlight_end":40},{"text":"            .next().context(\"Unable to grab next in ':' sequence\").ok()?","highlight_start":1,"highlight_end":21}],"label":"","suggested_replacement":null,"suggestion_applicability":null,"expansion":null},{"file_name":"src/main.rs","byte_start":3420,"byte_end":3427,"line_start":154,"line_end":154,"column_start":21,"column_end":28,"is_primary":true,"text":[{"text":"            .next().context(\"Unable to grab next in ':' sequence\").ok()?","highlight_start":21,"highlight_end":28}],"label":"method not found in `Option<&str>`","suggested_replacement":null,"suggestion_applicability":null,"expansion":null}],"children":[],"rendered":"\u001b[0m\u001b[1m\u001b[38;5;9merror[E0599]\u001b[0m\u001b[0m\u001b[1m: no method named `context` found for enum `Option` in the current scope\u001b[0m\n\u001b[0m   \u001b[0m\u001b[0m\u001b[1m\u001b[38;5;12m--> \u001b[0m\u001b[0msrc/main.rs:154:21\u001b[0m\n\u001b[0m    \u001b[0m\u001b[0m\u001b[1m\u001b[38;5;12m|\u001b[0m\n\u001b[0m\u001b[1m\u001b[38;5;12m153\u001b[0m\u001b[0m \u001b[0m\u001b[0m\u001b[1m\u001b[38;5;12m|\u001b[0m\u001b[0m   \u001b[0m\u001b[0m        let game_id:usize = colon_split\u001b[0m\n\u001b[0m    \u001b[0m\u001b[0m\u001b[1m\u001b[38;5;12m| \u001b[0m\u001b[0m \u001b[0m\u001b[0m\u001b[1m\u001b[38;5;12m_____________________________-\u001b[0m\n\u001b[0m\u001b[1m\u001b[38;5;12m154\u001b[0m\u001b[0m \u001b[0m\u001b[0m\u001b[1m\u001b[38;5;12m|\u001b[0m\u001b[0m \u001b[0m\u001b[0m\u001b[1m\u001b[38;5;12m|\u001b[0m\u001b[0m \u001b[0m\u001b[0m            .next().context(\"Unable to grab next in ':' sequence\").ok()?\u001b[0m\n\u001b[0m    \u001b[0m\u001b[0m\u001b[1m\u001b[38;5;12m| \u001b[0m\u001b[0m\u001b[1m\u001b[38;5;12m|\u001b[0m\u001b[0m                    \u001b[0m\u001b[0m\u001b[1m\u001b[38;5;12m-\u001b[0m\u001b[0m\u001b[1m\u001b[38;5;9m^^^^^^^\u001b[0m\u001b[0m \u001b[0m\u001b[0m\u001b[1m\u001b[38;5;9mmethod not found in `Option<&str>`\u001b[0m\n\u001b[0m    \u001b[0m\u001b[0m\u001b[1m\u001b[38;5;12m| \u001b[0m\u001b[0m\u001b[1m\u001b[38;5;12m|____________________|\u001b[0m\n\u001b[0m    \u001b[0m\u001b[0m\u001b[1m\u001b[38;5;12m| \u001b[0m\n\n"}
{"message":"no method named `context` found for enum `Option` in the current scope","code":{"code":"E0599","explanation":"This error occurs when a method is used on a type which doesn't implement it:\n\nErroneous code example:\n\n```compile_fail,E0599\nstruct Mouth;\n\nlet x = Mouth;\nx.chocolate(); // error: no method named `chocolate` found for type `Mouth`\n               //        in the current scope\n```\n\nIn this case, you need to implement the `chocolate` method to fix the error:\n\n```\nstruct Mouth;\n\nimpl Mouth {\n    fn chocolate(&self) { // We implement the `chocolate` method here.\n        println!(\"Hmmm! I love chocolate!\");\n    }\n}\n\nlet x = Mouth;\nx.chocolate(); // ok!\n```\n"},"level":"error","spans":[{"file_name":"src/main.rs","byte_start":3643,"byte_end":3650,"line_start":159,"line_end":159,"column_start":45,"column_end":52,"is_primary":true,"text":[{"text":"        let games_text = colon_split.next().context( \"No game text!\" ).ok()?;","highlight_start":45,"highlight_end":52}],"label":"method not found in `Option<&str>`","suggested_replacement":null,"suggestion_applicability":null,"expansion":null}],"children":[],"rendered":"\u001b[0m\u001b[1m\u001b[38;5;9merror[E0599]\u001b[0m\u001b[0m\u001b[1m: no method named `context` found for enum `Option` in the current scope\u001b[0m\n\u001b[0m   \u001b[0m\u001b[0m\u001b[1m\u001b[38;5;12m--> \u001b[0m\u001b[0msrc/main.rs:159:45\u001b[0m\n\u001b[0m    \u001b[0m\u001b[0m\u001b[1m\u001b[38;5;12m|\u001b[0m\n\u001b[0m\u001b[1m\u001b[38;5;12m159\u001b[0m\u001b[0m \u001b[0m\u001b[0m\u001b[1m\u001b[38;5;12m|\u001b[0m\u001b[0m \u001b[0m\u001b[0m        let games_text = colon_split.next().context( \"No game text!\" ).ok()?;\u001b[0m\n\u001b[0m    \u001b[0m\u001b[0m\u001b[1m\u001b[38;5;12m| \u001b[0m\u001b[0m                                            \u001b[0m\u001b[0m\u001b[1m\u001b[38;5;9m^^^^^^^\u001b[0m\u001b[0m \u001b[0m\u001b[0m\u001b[1m\u001b[38;5;9mmethod not found in `Option<&str>`\u001b[0m\n\n"}
{"message":"type annotations needed","code":{"code":"E0282","explanation":"The compiler could not infer a type and asked for a type annotation.\n\nErroneous code example:\n\n```compile_fail,E0282\nlet x = Vec::new();\n```\n\nThis error indicates that type inference did not result in one unique possible\ntype, and extra information is required. In most cases this can be provided\nby adding a type annotation. Sometimes you need to specify a generic type\nparameter manually.\n\nIn the example above, type `Vec` has a type parameter `T`. When calling\n`Vec::new`, barring any other later usage of the variable `x` that allows the\ncompiler to infer what type `T` is, the compiler needs to be told what it is.\n\nThe type can be specified on the variable:\n\n```\nlet x: Vec<i32> = Vec::new();\n```\n\nThe type can also be specified in the path of the expression:\n\n```\nlet x = Vec::<i32>::new();\n```\n\nIn cases with more complex types, it is not necessary to annotate the full\ntype. Once the ambiguity is resolved, the compiler can infer the rest:\n\n```\nlet x: Vec<_> = \"hello\".chars().rev().collect();\n```\n\nAnother way to provide the compiler with enough information, is to specify the\ngeneric type parameter:\n\n```\nlet x = \"hello\".chars().rev().collect::<Vec<char>>();\n```\n\nAgain, you need not specify the full type if the compiler can infer it:\n\n```\nlet x = \"hello\".chars().rev().collect::<Vec<_>>();\n```\n\nApart from a method or function with a generic type parameter, this error can\noccur when a type parameter of a struct or trait cannot be inferred. In that\ncase it is not always possible to use a type annotation, because all candidates\nhave the same return type. For instance:\n\n```compile_fail,E0282\nstruct Foo<T> {\n    num: T,\n}\n\nimpl<T> Foo<T> {\n    fn bar() -> i32 {\n        0\n    }\n\n    fn baz() {\n        let number = Foo::bar();\n    }\n}\n```\n\nThis will fail because the compiler does not know which instance of `Foo` to\ncall `bar` on. Change `Foo::bar()` to `Foo::<T>::bar()` to resolve the error.\n"},"level":"error","spans":[{"file_name":"src/main.rs","byte_start":6228,"byte_end":6230,"line_start":242,"line_end":242,"column_start":5,"column_end":7,"is_primary":true,"text":[{"text":"    Ok( () )","highlight_start":5,"highlight_end":7}],"label":"cannot infer type of the type parameter `E` declared on the enum `Result`","suggested_replacement":null,"suggestion_applicability":null,"expansion":null}],"children":[{"message":"consider specifying the generic arguments","code":null,"level":"help","spans":[{"file_name":"src/main.rs","byte_start":6230,"byte_end":6230,"line_start":242,"line_end":242,"column_start":7,"column_end":7,"is_primary":true,"text":[{"text":"    Ok( () )","highlight_start":7,"highlight_end":7}],"label":null,"suggested_replacement":"::<(), E>","suggestion_applicability":"HasPlaceholders","expansion":null}],"children":[],"rendered":null}],"rendered":"\u001b[0m\u001b[1m\u001b[38;5;9merror[E0282]\u001b[0m\u001b[0m\u001b[1m: type annotations needed\u001b[0m\n\u001b[0m   \u001b[0m\u001b[0m\u001b[1m\u001b[38;5;12m--> \u001b[0m\u001b[0msrc/main.rs:242:5\u001b[0m\n\u001b[0m    \u001b[0m\u001b[0m\u001b[1m\u001b[38;5;12m|\u001b[0m\n\u001b[0m\u001b[1m\u001b[38;5;12m242\u001b[0m\u001b[0m \u001b[0m\u001b[0m\u001b[1m\u001b[38;5;12m|\u001b[0m\u001b[0m \u001b[0m\u001b[0m    Ok( () )\u001b[0m\n\u001b[0m    \u001b[0m\u001b[0m\u001b[1m\u001b[38;5;12m| \u001b[0m\u001b[0m    \u001b[0m\u001b[0m\u001b[1m\u001b[38;5;9m^^\u001b[0m\u001b[0m \u001b[0m\u001b[0m\u001b[1m\u001b[38;5;9mcannot infer type of the type parameter `E` declared on the enum `Result`\u001b[0m\n\u001b[0m    \u001b[0m\u001b[0m\u001b[1m\u001b[38;5;12m|\u001b[0m\n\u001b[0m\u001b[1m\u001b[38;5;14mhelp\u001b[0m\u001b[0m: consider specifying the generic arguments\u001b[0m\n\u001b[0m    \u001b[0m\u001b[0m\u001b[1m\u001b[38;5;12m|\u001b[0m\n\u001b[0m\u001b[1m\u001b[38;5;12m242\u001b[0m\u001b[0m \u001b[0m\u001b[0m\u001b[1m\u001b[38;5;12m| \u001b[0m\u001b[0m    Ok\u001b[0m\u001b[0m\u001b[38;5;10m::<(), E>\u001b[0m\u001b[0m( () )\u001b[0m\n\u001b[0m    \u001b[0m\u001b[0m\u001b[1m\u001b[38;5;12m|\u001b[0m\u001b[0m       \u001b[0m\u001b[0m\u001b[38;5;10m+++++++++\u001b[0m\n\n"}
{"message":"`main` function is not allowed to be `async`","code":{"code":"E0752","explanation":"The entry point of the program was marked as `async`.\n\nErroneous code example:\n\n```compile_fail,E0752\nasync fn main() -> Result<(), ()> { // error!\n    Ok(())\n}\n```\n\n`fn main()` or the specified start function is not allowed to be `async`. Not\nhaving a correct async runtime library setup may cause this error. To fix it,\ndeclare the entry point without `async`:\n\n```\nfn main() -> Result<(), ()> { // ok!\n    Ok(())\n}\n```\n"},"level":"error","spans":[{"file_name":"src/main.rs","byte_start":6255,"byte_end":6284,"line_start":246,"line_end":246,"column_start":1,"column_end":30,"is_primary":true,"text":[{"text":"async fn main() -> Result<()> {","highlight_start":1,"highlight_end":30}],"label":"`main` function is not allowed to be `async`","suggested_replacement":null,"suggestion_applicability":null,"expansion":null}],"children":[],"rendered":"\u001b[0m\u001b[1m\u001b[38;5;9merror[E0752]\u001b[0m\u001b[0m\u001b[1m: `main` function is not allowed to be `async`\u001b[0m\n\u001b[0m   \u001b[0m\u001b[0m\u001b[1m\u001b[38;5;12m--> \u001b[0m\u001b[0msrc/main.rs:246:1\u001b[0m\n\u001b[0m    \u001b[0m\u001b[0m\u001b[1m\u001b[38;5;12m|\u001b[0m\n\u001b[0m\u001b[1m\u001b[38;5;12m246\u001b[0m\u001b[0m \u001b[0m\u001b[0m\u001b[1m\u001b[38;5;12m|\u001b[0m\u001b[0m \u001b[0m\u001b[0masync fn main() -> Result<()> {\u001b[0m\n\u001b[0m    \u001b[0m\u001b[0m\u001b[1m\u001b[38;5;12m| \u001b[0m\u001b[0m\u001b[1m\u001b[38;5;9m^^^^^^^^^^^^^^^^^^^^^^^^^^^^^\u001b[0m\u001b[0m \u001b[0m\u001b[0m\u001b[1m\u001b[38;5;9m`main` function is not allowed to be `async`\u001b[0m\n\n"}
{"message":"no method named `context` found for enum `Option` in the current scope","code":{"code":"E0599","explanation":"This error occurs when a method is used on a type which doesn't implement it:\n\nErroneous code example:\n\n```compile_fail,E0599\nstruct Mouth;\n\nlet x = Mouth;\nx.chocolate(); // error: no method named `chocolate` found for type `Mouth`\n               //        in the current scope\n```\n\nIn this case, you need to implement the `chocolate` method to fix the error:\n\n```\nstruct Mouth;\n\nimpl Mouth {\n    fn chocolate(&self) { // We implement the `chocolate` method here.\n        println!(\"Hmmm! I love chocolate!\");\n    }\n}\n\nlet x = Mouth;\nx.chocolate(); // ok!\n```\n"},"level":"error","spans":[{"file_name":"src/main.rs","byte_start":1851,"byte_end":1858,"line_start":84,"line_end":84,"column_start":40,"column_end":47,"is_primary":true,"text":[{"text":"                count: elements.next().context( \"No cube count!\" )?.parse()?,","highlight_start":40,"highlight_end":47}],"label":"method not found in `Option<&str>`","suggested_replacement":null,"suggestion_applicability":null,"expansion":null}],"children":[],"rendered":"\u001b[0m\u001b[1m\u001b[38;5;9merror[E0599]\u001b[0m\u001b[0m\u001b[1m: no method named `context` found for enum `Option` in the current scope\u001b[0m\n\u001b[0m  \u001b[0m\u001b[0m\u001b[1m\u001b[38;5;12m--> \u001b[0m\u001b[0msrc/main.rs:84:40\u001b[0m\n\u001b[0m   \u001b[0m\u001b[0m\u001b[1m\u001b[38;5;12m|\u001b[0m\n\u001b[0m\u001b[1m\u001b[38;5;12m84\u001b[0m\u001b[0m \u001b[0m\u001b[0m\u001b[1m\u001b[38;5;12m|\u001b[0m\u001b[0m \u001b[0m\u001b[0m                count: elements.next().context( \"No cube count!\" )?.parse()?,\u001b[0m\n\u001b[0m   \u001b[0m\u001b[0m\u001b[1m\u001b[38;5;12m| \u001b[0m\u001b[0m                                       \u001b[0m\u001b[0m\u001b[1m\u001b[38;5;9m^^^^^^^\u001b[0m\u001b[0m \u001b[0m\u001b[0m\u001b[1m\u001b[38;5;9mmethod not found in `Option<&str>`\u001b[0m\n\n"}
{"message":"no method named `context` found for enum `Option` in the current scope","code":{"code":"E0599","explanation":"This error occurs when a method is used on a type which doesn't implement it:\n\nErroneous code example:\n\n```compile_fail,E0599\nstruct Mouth;\n\nlet x = Mouth;\nx.chocolate(); // error: no method named `chocolate` found for type `Mouth`\n               //        in the current scope\n```\n\nIn this case, you need to implement the `chocolate` method to fix the error:\n\n```\nstruct Mouth;\n\nimpl Mouth {\n    fn chocolate(&self) { // We implement the `chocolate` method here.\n        println!(\"Hmmm! I love chocolate!\");\n    }\n}\n\nlet x = Mouth;\nx.chocolate(); // ok!\n```\n"},"level":"error","spans":[{"file_name":"src/main.rs","byte_start":1945,"byte_end":1952,"line_start":85,"line_end":85,"column_start":56,"column_end":63,"is_primary":true,"text":[{"text":"                color: CubeColor::new( elements.next().context( \"No cube color!\" )? )?","highlight_start":56,"highlight_end":63}],"label":"method not found in `Option<&str>`","suggested_replacement":null,"suggestion_applicability":null,"expansion":null}],"children":[],"rendered":"\u001b[0m\u001b[1m\u001b[38;5;9merror[E0599]\u001b[0m\u001b[0m\u001b[1m: no method named `context` found for enum `Option` in the current scope\u001b[0m\n\u001b[0m  \u001b[0m\u001b[0m\u001b[1m\u001b[38;5;12m--> \u001b[0m\u001b[0msrc/main.rs:85:56\u001b[0m\n\u001b[0m   \u001b[0m\u001b[0m\u001b[1m\u001b[38;5;12m|\u001b[0m\n\u001b[0m\u001b[1m\u001b[38;5;12m85\u001b[0m\u001b[0m \u001b[0m\u001b[0m\u001b[1m\u001b[38;5;12m|\u001b[0m\u001b[0m \u001b[0m\u001b[0m                color: CubeColor::new( elements.next().context( \"No cube color!\" )? )?\u001b[0m\n\u001b[0m   \u001b[0m\u001b[0m\u001b[1m\u001b[38;5;12m| \u001b[0m\u001b[0m                                                       \u001b[0m\u001b[0m\u001b[1m\u001b[38;5;9m^^^^^^^\u001b[0m\u001b[0m \u001b[0m\u001b[0m\u001b[1m\u001b[38;5;9mmethod not found in `Option<&str>`\u001b[0m\n\n"}
{"message":"aborting due to 12 previous errors","code":null,"level":"error","spans":[],"children":[],"rendered":"\u001b[0m\u001b[1m\u001b[38;5;9merror\u001b[0m\u001b[0m\u001b[1m: aborting due to 12 previous errors\u001b[0m\n\n"}
{"message":"Some errors have detailed explanations: E0282, E0432, E0433, E0599, E0752.","code":null,"level":"failure-note","spans":[],"children":[],"rendered":"\u001b[0m\u001b[1mSome errors have detailed explanations: E0282, E0432, E0433, E0599, E0752.\u001b[0m\n"}
{"message":"For more information about an error, try `rustc --explain E0282`.","code":null,"level":"failure-note","spans":[],"children":[],"rendered":"\u001b[0m\u001b[1mFor more information about an error, try `rustc --explain E0282`.\u001b[0m\n"}
